<?xml version="1.0" encoding="UTF-8"?>
<!-- Generated by org.testng.reporters.JUnitReportReporter -->
<testsuite hostname="hp" failures="0" tests="1" name="practice.Test1" time="0.006" errors="0" timestamp="2023-07-13T14:53:11 IST" skipped="0">
  <testcase classname="practice.Test1" name="test" time="0.006"/>
  <system-out>
Soumya Soumya Soumya Soumya Soumya Soumya Soumya Soumya Soumya Soumya Soumya Soumya Soumya Soumya Soumya Soumya Soumya Soumya  </system-out>
</testsuite> <!-- practice.Test1 -->
