<?xml version="1.0" encoding="UTF-8"?>
<!-- Generated by org.testng.reporters.JUnitReportReporter -->
<testsuite hostname="hp" failures="0" tests="1" name="practice.Test2" time="0.007" errors="0" timestamp="2023-07-13T11:28:45 IST" skipped="0">
  <testcase classname="practice.Test2" name="test" time="0.007"/>
  <system-out>
Soumya Soumya Soumya Soumya Soumya Soumya Soumya Soumya Soumya  </system-out>
</testsuite> <!-- practice.Test2 -->
